<?xml version="1.0" encoding="UTF-8"?>
<coverage generated="1780108006194" clover="3.2.0">
  <project timestamp="1780108006194" name="All files">
    <metrics statements="110" coveredstatements="53" conditionals="29" coveredconditionals="8" methods="20" coveredmethods="8" elements="159" coveredelements="69" complexity="0" loc="110" ncloc="110" packages="1" files="1" classes="1"/>
    <file name="backend.js" path="C:\Users\Eugen\Desktop\Nazarayo\chmor-bezp\backend\backend.js">
      <metrics statements="110" coveredstatements="53" conditionals="29" coveredconditionals="8" methods="20" coveredmethods="8"/>
      <line num="11" count="2" type="stmt"/>
      <line num="12" count="2" type="stmt"/>
      <line num="13" count="2" type="stmt"/>
      <line num="14" count="2" type="stmt"/>
      <line num="15" count="2" type="stmt"/>
      <line num="16" count="2" type="stmt"/>
      <line num="17" count="2" type="stmt"/>
      <line num="18" count="2" type="stmt"/>
      <line num="19" count="2" type="stmt"/>
      <line num="20" count="2" type="stmt"/>
      <line num="22" count="2" type="stmt"/>
      <line num="24" count="2" type="stmt"/>
      <line num="31" count="2" type="stmt"/>
      <line num="39" count="2" type="stmt"/>
      <line num="41" count="2" type="stmt"/>
      <line num="42" count="1" type="stmt"/>
      <line num="43" count="1" type="stmt"/>
      <line num="44" count="1" type="stmt"/>
      <line num="49" count="1" type="cond" truecount="1" falsecount="1"/>
      <line num="51" count="1" type="stmt"/>
      <line num="54" count="2" type="stmt"/>
      <line num="55" count="2" type="stmt"/>
      <line num="56" count="1" type="stmt"/>
      <line num="57" count="1" type="stmt"/>
      <line num="60" count="2" type="stmt"/>
      <line num="65" count="0" type="stmt"/>
      <line num="66" count="0" type="cond" truecount="0" falsecount="2"/>
      <line num="68" count="0" type="stmt"/>
      <line num="69" count="0" type="stmt"/>
      <line num="73" count="2" type="stmt"/>
      <line num="75" count="2" type="cond" truecount="2" falsecount="0"/>
      <line num="76" count="1" type="stmt"/>
      <line num="79" count="1" type="stmt"/>
      <line num="81" count="1" type="stmt"/>
      <line num="82" count="1" type="cond" truecount="1" falsecount="1"/>
      <line num="83" count="1" type="stmt"/>
      <line num="86" count="0" type="stmt"/>
      <line num="87" count="0" type="stmt"/>
      <line num="92" count="0" type="stmt"/>
      <line num="101" count="0" type="stmt"/>
      <line num="103" count="0" type="cond" truecount="0" falsecount="2"/>
      <line num="104" count="0" type="stmt"/>
      <line num="105" count="0" type="stmt"/>
      <line num="106" count="0" type="stmt"/>
      <line num="107" count="0" type="stmt"/>
      <line num="113" count="0" type="stmt"/>
      <line num="117" count="1" type="stmt"/>
      <line num="120" count="2" type="stmt"/>
      <line num="128" count="2" type="stmt"/>
      <line num="132" count="2" type="stmt"/>
      <line num="133" count="2" type="cond" truecount="2" falsecount="1"/>
      <line num="135" count="2" type="stmt"/>
      <line num="136" count="0" type="stmt"/>
      <line num="137" count="0" type="stmt"/>
      <line num="140" count="2" type="stmt"/>
      <line num="141" count="0" type="stmt"/>
      <line num="143" count="0" type="stmt"/>
      <line num="145" count="0" type="stmt"/>
      <line num="149" count="2" type="stmt"/>
      <line num="150" count="0" type="stmt"/>
      <line num="155" count="0" type="stmt"/>
      <line num="157" count="0" type="stmt"/>
      <line num="162" count="0" type="stmt"/>
      <line num="168" count="2" type="stmt"/>
      <line num="169" count="0" type="stmt"/>
      <line num="171" count="0" type="cond" truecount="0" falsecount="2"/>
      <line num="172" count="0" type="stmt"/>
      <line num="175" count="0" type="stmt"/>
      <line num="177" count="0" type="stmt"/>
      <line num="179" count="0" type="cond" truecount="0" falsecount="2"/>
      <line num="180" count="0" type="stmt"/>
      <line num="181" count="0" type="stmt"/>
      <line num="184" count="0" type="stmt"/>
      <line num="189" count="0" type="cond" truecount="0" falsecount="2"/>
      <line num="190" count="0" type="stmt"/>
      <line num="193" count="0" type="stmt"/>
      <line num="195" count="0" type="stmt"/>
      <line num="202" count="0" type="stmt"/>
      <line num="208" count="0" type="stmt"/>
      <line num="209" count="0" type="stmt"/>
      <line num="211" count="2" type="stmt"/>
      <line num="212" count="0" type="stmt"/>
      <line num="214" count="0" type="cond" truecount="0" falsecount="2"/>
      <line num="215" count="0" type="stmt"/>
      <line num="218" count="0" type="stmt"/>
      <line num="219" count="0" type="stmt"/>
      <line num="235" count="0" type="stmt"/>
      <line num="237" count="0" type="stmt"/>
      <line num="242" count="0" type="stmt"/>
      <line num="248" count="2" type="stmt"/>
      <line num="249" count="1" type="stmt"/>
      <line num="250" count="1" type="stmt"/>
      <line num="252" count="1" type="stmt"/>
      <line num="253" count="1" type="stmt"/>
      <line num="254" count="0" type="stmt"/>
      <line num="257" count="1" type="stmt"/>
      <line num="258" count="1" type="stmt"/>
      <line num="259" count="0" type="stmt"/>
      <line num="262" count="1" type="stmt"/>
      <line num="273" count="2" type="cond" truecount="1" falsecount="1"/>
      <line num="275" count="0" type="stmt"/>
      <line num="276" count="0" type="stmt"/>
      <line num="282" count="2" type="stmt"/>
      <line num="284" count="2" type="stmt"/>
      <line num="285" count="0" type="stmt"/>
      <line num="287" count="0" type="stmt"/>
      <line num="288" count="0" type="stmt"/>
      <line num="290" count="0" type="stmt"/>
      <line num="291" count="0" type="stmt"/>
      <line num="292" count="0" type="stmt"/>
    </file>
  </project>
</coverage>
