{"C:\\Users\\Eugen\\Desktop\\Nazarayo\\chmor-bezp\\backend\\backend.js": {"path":"C:\\Users\\Eugen\\Desktop\\Nazarayo\\chmor-bezp\\backend\\backend.js","statementMap":{"0":{"start":{"line":4,"column":17},"end":{"line":4,"column":20}},"1":{"start":{"line":11,"column":12},"end":{"line":11,"column":21}},"2":{"start":{"line":12,"column":13},"end":{"line":12,"column":37}},"3":{"start":{"line":13,"column":18},"end":{"line":13,"column":28}},"4":{"start":{"line":14,"column":17},"end":{"line":14,"column":37}},"5":{"start":{"line":15,"column":18},"end":{"line":15,"column":39}},"6":{"start":{"line":16,"column":22},"end":{"line":16,"column":47}},"7":{"start":{"line":17,"column":21},"end":{"line":17,"column":45}},"8":{"start":{"line":18,"column":13},"end":{"line":18,"column":29}},"9":{"start":{"line":19,"column":0},"end":{"line":19,"column":41}},"10":{"start":{"line":21,"column":19},"end":{"line":21,"column":20}},"11":{"start":{"line":22,"column":0},"end":{"line":25,"column":3}},"12":{"start":{"line":23,"column":2},"end":{"line":23,"column":17}},"13":{"start":{"line":24,"column":2},"end":{"line":24,"column":9}},"14":{"start":{"line":27,"column":15},"end":{"line":29,"column":2}},"15":{"start":{"line":32,"column":2},"end":{"line":37,"column":5}},"16":{"start":{"line":33,"column":4},"end":{"line":33,"column":34}},"17":{"start":{"line":33,"column":13},"end":{"line":33,"column":34}},"18":{"start":{"line":35,"column":23},"end":{"line":35,"column":41}},"19":{"start":{"line":36,"column":4},"end":{"line":36,"column":31}},"20":{"start":{"line":40,"column":17},"end":{"line":40,"column":42}},"21":{"start":{"line":42,"column":2},"end":{"line":44,"column":3}},"22":{"start":{"line":43,"column":4},"end":{"line":43,"column":55}},"23":{"start":{"line":46,"column":16},"end":{"line":46,"column":36}},"24":{"start":{"line":48,"column":2},"end":{"line":55,"column":5}},"25":{"start":{"line":49,"column":4},"end":{"line":51,"column":5}},"26":{"start":{"line":50,"column":6},"end":{"line":50,"column":62}},"27":{"start":{"line":53,"column":4},"end":{"line":53,"column":23}},"28":{"start":{"line":54,"column":4},"end":{"line":54,"column":11}},"29":{"start":{"line":59,"column":2},"end":{"line":66,"column":5}},"30":{"start":{"line":68,"column":16},"end":{"line":68,"column":64}},"31":{"start":{"line":70,"column":2},"end":{"line":81,"column":3}},"32":{"start":{"line":71,"column":16},"end":{"line":71,"column":67}},"33":{"start":{"line":72,"column":17},"end":{"line":72,"column":32}},"34":{"start":{"line":73,"column":4},"end":{"line":78,"column":5}},"35":{"start":{"line":74,"column":6},"end":{"line":77,"column":8}},"36":{"start":{"line":80,"column":4},"end":{"line":80,"column":43}},"37":{"start":{"line":84,"column":2},"end":{"line":84,"column":53}},"38":{"start":{"line":87,"column":15},"end":{"line":93,"column":2}},"39":{"start":{"line":95,"column":20},"end":{"line":97,"column":2}},"40":{"start":{"line":99,"column":18},"end":{"line":99,"column":88}},"41":{"start":{"line":100,"column":19},"end":{"line":100,"column":90}},"42":{"start":{"line":103,"column":0},"end":{"line":110,"column":3}},"43":{"start":{"line":104,"column":17},"end":{"line":104,"column":61}},"44":{"start":{"line":106,"column":2},"end":{"line":109,"column":5}},"45":{"start":{"line":108,"column":32},"end":{"line":108,"column":38}},"46":{"start":{"line":112,"column":0},"end":{"line":129,"column":3}},"47":{"start":{"line":113,"column":15},"end":{"line":116,"column":3}},"48":{"start":{"line":118,"column":17},"end":{"line":118,"column":29}},"49":{"start":{"line":120,"column":2},"end":{"line":123,"column":4}},"50":{"start":{"line":125,"column":2},"end":{"line":128,"column":5}},"51":{"start":{"line":131,"column":0},"end":{"line":173,"column":3}},"52":{"start":{"line":132,"column":15},"end":{"line":132,"column":29}},"53":{"start":{"line":134,"column":2},"end":{"line":136,"column":3}},"54":{"start":{"line":135,"column":4},"end":{"line":135,"column":60}},"55":{"start":{"line":138,"column":19},"end":{"line":138,"column":50}},"56":{"start":{"line":140,"column":17},"end":{"line":140,"column":48}},"57":{"start":{"line":142,"column":2},"end":{"line":145,"column":3}},"58":{"start":{"line":143,"column":4},"end":{"line":143,"column":30}},"59":{"start":{"line":144,"column":4},"end":{"line":144,"column":40}},"60":{"start":{"line":147,"column":17},"end":{"line":150,"column":3}},"61":{"start":{"line":152,"column":2},"end":{"line":154,"column":3}},"62":{"start":{"line":153,"column":4},"end":{"line":153,"column":56}},"63":{"start":{"line":156,"column":18},"end":{"line":156,"column":37}},"64":{"start":{"line":158,"column":19},"end":{"line":163,"column":3}},"65":{"start":{"line":165,"column":2},"end":{"line":169,"column":4}},"66":{"start":{"line":171,"column":2},"end":{"line":171,"column":29}},"67":{"start":{"line":172,"column":2},"end":{"line":172,"column":21}},"68":{"start":{"line":174,"column":0},"end":{"line":210,"column":3}},"69":{"start":{"line":175,"column":19},"end":{"line":175,"column":27}},"70":{"start":{"line":177,"column":2},"end":{"line":179,"column":3}},"71":{"start":{"line":178,"column":4},"end":{"line":178,"column":59}},"72":{"start":{"line":181,"column":2},"end":{"line":209,"column":3}},"73":{"start":{"line":182,"column":26},"end":{"line":196,"column":5}},"74":{"start":{"line":198,"column":19},"end":{"line":198,"column":37}},"75":{"start":{"line":200,"column":4},"end":{"line":203,"column":7}},"76":{"start":{"line":205,"column":4},"end":{"line":208,"column":7}},"77":{"start":{"line":211,"column":0},"end":{"line":233,"column":3}},"78":{"start":{"line":212,"column":17},"end":{"line":212,"column":23}},"79":{"start":{"line":213,"column":20},"end":{"line":213,"column":26}},"80":{"start":{"line":215,"column":2},"end":{"line":218,"column":12}},"81":{"start":{"line":216,"column":4},"end":{"line":216,"column":35}},"82":{"start":{"line":217,"column":4},"end":{"line":217,"column":20}},"83":{"start":{"line":220,"column":2},"end":{"line":223,"column":12}},"84":{"start":{"line":221,"column":4},"end":{"line":221,"column":29}},"85":{"start":{"line":222,"column":4},"end":{"line":222,"column":23}},"86":{"start":{"line":225,"column":2},"end":{"line":232,"column":5}},"87":{"start":{"line":236,"column":0},"end":{"line":241,"column":1}},"88":{"start":{"line":238,"column":2},"end":{"line":240,"column":5}},"89":{"start":{"line":239,"column":4},"end":{"line":239,"column":51}},"90":{"start":{"line":245,"column":2},"end":{"line":245,"column":21}},"91":{"start":{"line":247,"column":0},"end":{"line":257,"column":3}},"92":{"start":{"line":248,"column":2},"end":{"line":248,"column":25}},"93":{"start":{"line":250,"column":2},"end":{"line":250,"column":27}},"94":{"start":{"line":251,"column":2},"end":{"line":251,"column":21}},"95":{"start":{"line":253,"column":2},"end":{"line":256,"column":5}},"96":{"start":{"line":254,"column":4},"end":{"line":254,"column":38}},"97":{"start":{"line":255,"column":4},"end":{"line":255,"column":20}}},"fnMap":{"0":{"name":"(anonymous_0)","decl":{"start":{"line":22,"column":8},"end":{"line":22,"column":9}},"loc":{"start":{"line":22,"column":28},"end":{"line":25,"column":1}},"line":22},"1":{"name":"getKey","decl":{"start":{"line":31,"column":9},"end":{"line":31,"column":15}},"loc":{"start":{"line":31,"column":34},"end":{"line":38,"column":1}},"line":31},"2":{"name":"(anonymous_2)","decl":{"start":{"line":32,"column":35},"end":{"line":32,"column":36}},"loc":{"start":{"line":32,"column":55},"end":{"line":37,"column":3}},"line":32},"3":{"name":"auth","decl":{"start":{"line":39,"column":9},"end":{"line":39,"column":13}},"loc":{"start":{"line":39,"column":30},"end":{"line":56,"column":1}},"line":39},"4":{"name":"(anonymous_4)","decl":{"start":{"line":48,"column":100},"end":{"line":48,"column":101}},"loc":{"start":{"line":48,"column":118},"end":{"line":55,"column":3}},"line":48},"5":{"name":"init","decl":{"start":{"line":58,"column":15},"end":{"line":58,"column":19}},"loc":{"start":{"line":58,"column":22},"end":{"line":82,"column":1}},"line":58},"6":{"name":"getUptime","decl":{"start":{"line":83,"column":9},"end":{"line":83,"column":18}},"loc":{"start":{"line":83,"column":21},"end":{"line":85,"column":1}},"line":83},"7":{"name":"(anonymous_7)","decl":{"start":{"line":103,"column":24},"end":{"line":103,"column":25}},"loc":{"start":{"line":103,"column":44},"end":{"line":110,"column":1}},"line":103},"8":{"name":"(anonymous_8)","decl":{"start":{"line":108,"column":27},"end":{"line":108,"column":28}},"loc":{"start":{"line":108,"column":32},"end":{"line":108,"column":38}},"line":108},"9":{"name":"(anonymous_9)","decl":{"start":{"line":112,"column":25},"end":{"line":112,"column":26}},"loc":{"start":{"line":112,"column":45},"end":{"line":129,"column":1}},"line":112},"10":{"name":"(anonymous_10)","decl":{"start":{"line":131,"column":24},"end":{"line":131,"column":25}},"loc":{"start":{"line":131,"column":44},"end":{"line":173,"column":1}},"line":131},"11":{"name":"(anonymous_11)","decl":{"start":{"line":174,"column":27},"end":{"line":174,"column":28}},"loc":{"start":{"line":174,"column":47},"end":{"line":210,"column":1}},"line":174},"12":{"name":"(anonymous_12)","decl":{"start":{"line":211,"column":19},"end":{"line":211,"column":20}},"loc":{"start":{"line":211,"column":39},"end":{"line":233,"column":1}},"line":211},"13":{"name":"(anonymous_13)","decl":{"start":{"line":238,"column":28},"end":{"line":238,"column":29}},"loc":{"start":{"line":238,"column":34},"end":{"line":240,"column":3}},"line":238},"14":{"name":"shutdown","decl":{"start":{"line":244,"column":15},"end":{"line":244,"column":23}},"loc":{"start":{"line":244,"column":26},"end":{"line":246,"column":1}},"line":244},"15":{"name":"(anonymous_15)","decl":{"start":{"line":247,"column":22},"end":{"line":247,"column":23}},"loc":{"start":{"line":247,"column":34},"end":{"line":257,"column":1}},"line":247},"16":{"name":"(anonymous_16)","decl":{"start":{"line":253,"column":15},"end":{"line":253,"column":16}},"loc":{"start":{"line":253,"column":21},"end":{"line":256,"column":3}},"line":253}},"branchMap":{"0":{"loc":{"start":{"line":33,"column":4},"end":{"line":33,"column":34}},"type":"if","locations":[{"start":{"line":33,"column":4},"end":{"line":33,"column":34}},{"start":{},"end":{}}],"line":33},"1":{"loc":{"start":{"line":42,"column":2},"end":{"line":44,"column":3}},"type":"if","locations":[{"start":{"line":42,"column":2},"end":{"line":44,"column":3}},{"start":{},"end":{}}],"line":42},"2":{"loc":{"start":{"line":49,"column":4},"end":{"line":51,"column":5}},"type":"if","locations":[{"start":{"line":49,"column":4},"end":{"line":51,"column":5}},{"start":{},"end":{}}],"line":49},"3":{"loc":{"start":{"line":70,"column":2},"end":{"line":81,"column":3}},"type":"if","locations":[{"start":{"line":70,"column":2},"end":{"line":81,"column":3}},{"start":{},"end":{}}],"line":70},"4":{"loc":{"start":{"line":100,"column":19},"end":{"line":100,"column":90}},"type":"binary-expr","locations":[{"start":{"line":100,"column":19},"end":{"line":100,"column":42}},{"start":{"line":100,"column":46},"end":{"line":100,"column":68}},{"start":{"line":100,"column":72},"end":{"line":100,"column":90}}],"line":100},"5":{"loc":{"start":{"line":134,"column":2},"end":{"line":136,"column":3}},"type":"if","locations":[{"start":{"line":134,"column":2},"end":{"line":136,"column":3}},{"start":{},"end":{}}],"line":134},"6":{"loc":{"start":{"line":142,"column":2},"end":{"line":145,"column":3}},"type":"if","locations":[{"start":{"line":142,"column":2},"end":{"line":145,"column":3}},{"start":{},"end":{}}],"line":142},"7":{"loc":{"start":{"line":152,"column":2},"end":{"line":154,"column":3}},"type":"if","locations":[{"start":{"line":152,"column":2},"end":{"line":154,"column":3}},{"start":{},"end":{}}],"line":152},"8":{"loc":{"start":{"line":160,"column":16},"end":{"line":160,"column":50}},"type":"binary-expr","locations":[{"start":{"line":160,"column":16},"end":{"line":160,"column":39}},{"start":{"line":160,"column":43},"end":{"line":160,"column":50}}],"line":160},"9":{"loc":{"start":{"line":177,"column":2},"end":{"line":179,"column":3}},"type":"if","locations":[{"start":{"line":177,"column":2},"end":{"line":179,"column":3}},{"start":{},"end":{}}],"line":177},"10":{"loc":{"start":{"line":207,"column":15},"end":{"line":207,"column":48}},"type":"binary-expr","locations":[{"start":{"line":207,"column":15},"end":{"line":207,"column":33}},{"start":{"line":207,"column":37},"end":{"line":207,"column":48}}],"line":207},"11":{"loc":{"start":{"line":236,"column":0},"end":{"line":241,"column":1}},"type":"if","locations":[{"start":{"line":236,"column":0},"end":{"line":241,"column":1}},{"start":{},"end":{}}],"line":236}},"s":{"0":2,"1":2,"2":2,"3":2,"4":2,"5":2,"6":2,"7":2,"8":2,"9":2,"10":2,"11":2,"12":1,"13":1,"14":2,"15":0,"16":0,"17":0,"18":0,"19":0,"20":2,"21":2,"22":1,"23":1,"24":1,"25":1,"26":1,"27":0,"28":0,"29":0,"30":0,"31":0,"32":0,"33":0,"34":0,"35":0,"36":0,"37":1,"38":2,"39":2,"40":2,"41":2,"42":2,"43":0,"44":0,"45":0,"46":2,"47":0,"48":0,"49":0,"50":0,"51":2,"52":0,"53":0,"54":0,"55":0,"56":0,"57":0,"58":0,"59":0,"60":0,"61":0,"62":0,"63":0,"64":0,"65":0,"66":0,"67":0,"68":2,"69":0,"70":0,"71":0,"72":0,"73":0,"74":0,"75":0,"76":0,"77":2,"78":1,"79":1,"80":1,"81":1,"82":0,"83":1,"84":1,"85":0,"86":1,"87":2,"88":0,"89":0,"90":2,"91":2,"92":0,"93":0,"94":0,"95":0,"96":0,"97":0},"f":{"0":1,"1":0,"2":0,"3":2,"4":1,"5":0,"6":1,"7":0,"8":0,"9":0,"10":0,"11":0,"12":1,"13":0,"14":2,"15":0,"16":0},"b":{"0":[0,0],"1":[1,1],"2":[1,0],"3":[0,0],"4":[2,2,0],"5":[0,0],"6":[0,0],"7":[0,0],"8":[0,0],"9":[0,0],"10":[0,0],"11":[0,2]},"_coverageSchema":"1a1c01bbd47fc00a2c39e90264f33305004495a9","hash":"6a2fb278154517c522b53a465e03d111513fe965"}
}
