{"C:\\Users\\Eugen\\Desktop\\Nazarayo\\chmor-bezp\\backend\\backend.js": {"path":"C:\\Users\\Eugen\\Desktop\\Nazarayo\\chmor-bezp\\backend\\backend.js","statementMap":{"0":{"start":{"line":11,"column":17},"end":{"line":11,"column":20}},"1":{"start":{"line":12,"column":12},"end":{"line":12,"column":21}},"2":{"start":{"line":13,"column":17},"end":{"line":13,"column":42}},"3":{"start":{"line":14,"column":13},"end":{"line":14,"column":37}},"4":{"start":{"line":15,"column":18},"end":{"line":15,"column":28}},"5":{"start":{"line":16,"column":17},"end":{"line":16,"column":37}},"6":{"start":{"line":17,"column":18},"end":{"line":17,"column":39}},"7":{"start":{"line":18,"column":22},"end":{"line":18,"column":47}},"8":{"start":{"line":19,"column":21},"end":{"line":19,"column":45}},"9":{"start":{"line":20,"column":13},"end":{"line":20,"column":29}},"10":{"start":{"line":22,"column":0},"end":{"line":22,"column":47}},"11":{"start":{"line":24,"column":26},"end":{"line":29,"column":2}},"12":{"start":{"line":31,"column":28},"end":{"line":37,"column":2}},"13":{"start":{"line":39,"column":0},"end":{"line":39,"column":41}},"14":{"start":{"line":41,"column":0},"end":{"line":52,"column":3}},"15":{"start":{"line":42,"column":14},"end":{"line":42,"column":46}},"16":{"start":{"line":43,"column":2},"end":{"line":50,"column":5}},"17":{"start":{"line":44,"column":4},"end":{"line":48,"column":7}},"18":{"start":{"line":49,"column":4},"end":{"line":49,"column":68}},"19":{"start":{"line":51,"column":2},"end":{"line":51,"column":9}},"20":{"start":{"line":54,"column":19},"end":{"line":54,"column":20}},"21":{"start":{"line":55,"column":0},"end":{"line":58,"column":3}},"22":{"start":{"line":56,"column":2},"end":{"line":56,"column":17}},"23":{"start":{"line":57,"column":2},"end":{"line":57,"column":9}},"24":{"start":{"line":60,"column":15},"end":{"line":62,"column":2}},"25":{"start":{"line":65,"column":2},"end":{"line":70,"column":5}},"26":{"start":{"line":66,"column":4},"end":{"line":66,"column":34}},"27":{"start":{"line":66,"column":13},"end":{"line":66,"column":34}},"28":{"start":{"line":68,"column":23},"end":{"line":68,"column":41}},"29":{"start":{"line":69,"column":4},"end":{"line":69,"column":31}},"30":{"start":{"line":73,"column":17},"end":{"line":73,"column":42}},"31":{"start":{"line":75,"column":2},"end":{"line":77,"column":3}},"32":{"start":{"line":76,"column":4},"end":{"line":76,"column":55}},"33":{"start":{"line":79,"column":16},"end":{"line":79,"column":36}},"34":{"start":{"line":81,"column":2},"end":{"line":88,"column":5}},"35":{"start":{"line":82,"column":4},"end":{"line":84,"column":5}},"36":{"start":{"line":83,"column":6},"end":{"line":83,"column":62}},"37":{"start":{"line":86,"column":4},"end":{"line":86,"column":23}},"38":{"start":{"line":87,"column":4},"end":{"line":87,"column":11}},"39":{"start":{"line":92,"column":2},"end":{"line":99,"column":5}},"40":{"start":{"line":101,"column":16},"end":{"line":101,"column":64}},"41":{"start":{"line":103,"column":2},"end":{"line":114,"column":3}},"42":{"start":{"line":104,"column":16},"end":{"line":104,"column":67}},"43":{"start":{"line":105,"column":17},"end":{"line":105,"column":32}},"44":{"start":{"line":106,"column":4},"end":{"line":111,"column":5}},"45":{"start":{"line":107,"column":6},"end":{"line":110,"column":8}},"46":{"start":{"line":113,"column":4},"end":{"line":113,"column":43}},"47":{"start":{"line":117,"column":2},"end":{"line":117,"column":53}},"48":{"start":{"line":120,"column":15},"end":{"line":126,"column":2}},"49":{"start":{"line":128,"column":20},"end":{"line":130,"column":2}},"50":{"start":{"line":132,"column":18},"end":{"line":132,"column":88}},"51":{"start":{"line":133,"column":19},"end":{"line":133,"column":90}},"52":{"start":{"line":135,"column":0},"end":{"line":138,"column":3}},"53":{"start":{"line":136,"column":2},"end":{"line":136,"column":48}},"54":{"start":{"line":137,"column":2},"end":{"line":137,"column":36}},"55":{"start":{"line":140,"column":0},"end":{"line":147,"column":3}},"56":{"start":{"line":141,"column":17},"end":{"line":141,"column":61}},"57":{"start":{"line":143,"column":2},"end":{"line":146,"column":5}},"58":{"start":{"line":145,"column":32},"end":{"line":145,"column":38}},"59":{"start":{"line":149,"column":0},"end":{"line":166,"column":3}},"60":{"start":{"line":150,"column":15},"end":{"line":153,"column":3}},"61":{"start":{"line":155,"column":17},"end":{"line":155,"column":29}},"62":{"start":{"line":157,"column":2},"end":{"line":160,"column":4}},"63":{"start":{"line":162,"column":2},"end":{"line":165,"column":5}},"64":{"start":{"line":168,"column":0},"end":{"line":210,"column":3}},"65":{"start":{"line":169,"column":15},"end":{"line":169,"column":29}},"66":{"start":{"line":171,"column":2},"end":{"line":173,"column":3}},"67":{"start":{"line":172,"column":4},"end":{"line":172,"column":60}},"68":{"start":{"line":175,"column":19},"end":{"line":175,"column":50}},"69":{"start":{"line":177,"column":17},"end":{"line":177,"column":48}},"70":{"start":{"line":179,"column":2},"end":{"line":182,"column":3}},"71":{"start":{"line":180,"column":4},"end":{"line":180,"column":30}},"72":{"start":{"line":181,"column":4},"end":{"line":181,"column":40}},"73":{"start":{"line":184,"column":17},"end":{"line":187,"column":3}},"74":{"start":{"line":189,"column":2},"end":{"line":191,"column":3}},"75":{"start":{"line":190,"column":4},"end":{"line":190,"column":56}},"76":{"start":{"line":193,"column":18},"end":{"line":193,"column":37}},"77":{"start":{"line":195,"column":19},"end":{"line":200,"column":3}},"78":{"start":{"line":202,"column":2},"end":{"line":206,"column":4}},"79":{"start":{"line":208,"column":2},"end":{"line":208,"column":29}},"80":{"start":{"line":209,"column":2},"end":{"line":209,"column":21}},"81":{"start":{"line":211,"column":0},"end":{"line":247,"column":3}},"82":{"start":{"line":212,"column":19},"end":{"line":212,"column":27}},"83":{"start":{"line":214,"column":2},"end":{"line":216,"column":3}},"84":{"start":{"line":215,"column":4},"end":{"line":215,"column":59}},"85":{"start":{"line":218,"column":2},"end":{"line":246,"column":3}},"86":{"start":{"line":219,"column":26},"end":{"line":233,"column":5}},"87":{"start":{"line":235,"column":19},"end":{"line":235,"column":37}},"88":{"start":{"line":237,"column":4},"end":{"line":240,"column":7}},"89":{"start":{"line":242,"column":4},"end":{"line":245,"column":7}},"90":{"start":{"line":248,"column":0},"end":{"line":270,"column":3}},"91":{"start":{"line":249,"column":17},"end":{"line":249,"column":23}},"92":{"start":{"line":250,"column":20},"end":{"line":250,"column":26}},"93":{"start":{"line":252,"column":2},"end":{"line":255,"column":12}},"94":{"start":{"line":253,"column":4},"end":{"line":253,"column":35}},"95":{"start":{"line":254,"column":4},"end":{"line":254,"column":20}},"96":{"start":{"line":257,"column":2},"end":{"line":260,"column":12}},"97":{"start":{"line":258,"column":4},"end":{"line":258,"column":29}},"98":{"start":{"line":259,"column":4},"end":{"line":259,"column":23}},"99":{"start":{"line":262,"column":2},"end":{"line":269,"column":5}},"100":{"start":{"line":273,"column":0},"end":{"line":278,"column":1}},"101":{"start":{"line":275,"column":2},"end":{"line":277,"column":5}},"102":{"start":{"line":276,"column":4},"end":{"line":276,"column":51}},"103":{"start":{"line":282,"column":2},"end":{"line":282,"column":21}},"104":{"start":{"line":284,"column":0},"end":{"line":294,"column":3}},"105":{"start":{"line":285,"column":2},"end":{"line":285,"column":25}},"106":{"start":{"line":287,"column":2},"end":{"line":287,"column":27}},"107":{"start":{"line":288,"column":2},"end":{"line":288,"column":21}},"108":{"start":{"line":290,"column":2},"end":{"line":293,"column":5}},"109":{"start":{"line":291,"column":4},"end":{"line":291,"column":38}},"110":{"start":{"line":292,"column":4},"end":{"line":292,"column":20}}},"fnMap":{"0":{"name":"(anonymous_0)","decl":{"start":{"line":41,"column":8},"end":{"line":41,"column":9}},"loc":{"start":{"line":41,"column":28},"end":{"line":52,"column":1}},"line":41},"1":{"name":"(anonymous_1)","decl":{"start":{"line":43,"column":19},"end":{"line":43,"column":20}},"loc":{"start":{"line":43,"column":25},"end":{"line":50,"column":3}},"line":43},"2":{"name":"(anonymous_2)","decl":{"start":{"line":55,"column":8},"end":{"line":55,"column":9}},"loc":{"start":{"line":55,"column":28},"end":{"line":58,"column":1}},"line":55},"3":{"name":"getKey","decl":{"start":{"line":64,"column":9},"end":{"line":64,"column":15}},"loc":{"start":{"line":64,"column":34},"end":{"line":71,"column":1}},"line":64},"4":{"name":"(anonymous_4)","decl":{"start":{"line":65,"column":35},"end":{"line":65,"column":36}},"loc":{"start":{"line":65,"column":55},"end":{"line":70,"column":3}},"line":65},"5":{"name":"auth","decl":{"start":{"line":72,"column":9},"end":{"line":72,"column":13}},"loc":{"start":{"line":72,"column":30},"end":{"line":89,"column":1}},"line":72},"6":{"name":"(anonymous_6)","decl":{"start":{"line":81,"column":100},"end":{"line":81,"column":101}},"loc":{"start":{"line":81,"column":118},"end":{"line":88,"column":3}},"line":81},"7":{"name":"init","decl":{"start":{"line":91,"column":15},"end":{"line":91,"column":19}},"loc":{"start":{"line":91,"column":22},"end":{"line":115,"column":1}},"line":91},"8":{"name":"getUptime","decl":{"start":{"line":116,"column":9},"end":{"line":116,"column":18}},"loc":{"start":{"line":116,"column":21},"end":{"line":118,"column":1}},"line":116},"9":{"name":"(anonymous_9)","decl":{"start":{"line":135,"column":20},"end":{"line":135,"column":21}},"loc":{"start":{"line":135,"column":40},"end":{"line":138,"column":1}},"line":135},"10":{"name":"(anonymous_10)","decl":{"start":{"line":140,"column":24},"end":{"line":140,"column":25}},"loc":{"start":{"line":140,"column":44},"end":{"line":147,"column":1}},"line":140},"11":{"name":"(anonymous_11)","decl":{"start":{"line":145,"column":27},"end":{"line":145,"column":28}},"loc":{"start":{"line":145,"column":32},"end":{"line":145,"column":38}},"line":145},"12":{"name":"(anonymous_12)","decl":{"start":{"line":149,"column":25},"end":{"line":149,"column":26}},"loc":{"start":{"line":149,"column":45},"end":{"line":166,"column":1}},"line":149},"13":{"name":"(anonymous_13)","decl":{"start":{"line":168,"column":24},"end":{"line":168,"column":25}},"loc":{"start":{"line":168,"column":44},"end":{"line":210,"column":1}},"line":168},"14":{"name":"(anonymous_14)","decl":{"start":{"line":211,"column":27},"end":{"line":211,"column":28}},"loc":{"start":{"line":211,"column":47},"end":{"line":247,"column":1}},"line":211},"15":{"name":"(anonymous_15)","decl":{"start":{"line":248,"column":19},"end":{"line":248,"column":20}},"loc":{"start":{"line":248,"column":39},"end":{"line":270,"column":1}},"line":248},"16":{"name":"(anonymous_16)","decl":{"start":{"line":275,"column":28},"end":{"line":275,"column":29}},"loc":{"start":{"line":275,"column":34},"end":{"line":277,"column":3}},"line":275},"17":{"name":"shutdown","decl":{"start":{"line":281,"column":15},"end":{"line":281,"column":23}},"loc":{"start":{"line":281,"column":26},"end":{"line":283,"column":1}},"line":281},"18":{"name":"(anonymous_18)","decl":{"start":{"line":284,"column":22},"end":{"line":284,"column":23}},"loc":{"start":{"line":284,"column":34},"end":{"line":294,"column":1}},"line":284},"19":{"name":"(anonymous_19)","decl":{"start":{"line":290,"column":15},"end":{"line":290,"column":16}},"loc":{"start":{"line":290,"column":21},"end":{"line":293,"column":3}},"line":290}},"branchMap":{"0":{"loc":{"start":{"line":46,"column":13},"end":{"line":46,"column":40}},"type":"binary-expr","locations":[{"start":{"line":46,"column":13},"end":{"line":46,"column":28}},{"start":{"line":46,"column":32},"end":{"line":46,"column":40}}],"line":46},"1":{"loc":{"start":{"line":49,"column":37},"end":{"line":49,"column":64}},"type":"binary-expr","locations":[{"start":{"line":49,"column":37},"end":{"line":49,"column":52}},{"start":{"line":49,"column":56},"end":{"line":49,"column":64}}],"line":49},"2":{"loc":{"start":{"line":66,"column":4},"end":{"line":66,"column":34}},"type":"if","locations":[{"start":{"line":66,"column":4},"end":{"line":66,"column":34}},{"start":{},"end":{}}],"line":66},"3":{"loc":{"start":{"line":75,"column":2},"end":{"line":77,"column":3}},"type":"if","locations":[{"start":{"line":75,"column":2},"end":{"line":77,"column":3}},{"start":{},"end":{}}],"line":75},"4":{"loc":{"start":{"line":82,"column":4},"end":{"line":84,"column":5}},"type":"if","locations":[{"start":{"line":82,"column":4},"end":{"line":84,"column":5}},{"start":{},"end":{}}],"line":82},"5":{"loc":{"start":{"line":103,"column":2},"end":{"line":114,"column":3}},"type":"if","locations":[{"start":{"line":103,"column":2},"end":{"line":114,"column":3}},{"start":{},"end":{}}],"line":103},"6":{"loc":{"start":{"line":133,"column":19},"end":{"line":133,"column":90}},"type":"binary-expr","locations":[{"start":{"line":133,"column":19},"end":{"line":133,"column":42}},{"start":{"line":133,"column":46},"end":{"line":133,"column":68}},{"start":{"line":133,"column":72},"end":{"line":133,"column":90}}],"line":133},"7":{"loc":{"start":{"line":171,"column":2},"end":{"line":173,"column":3}},"type":"if","locations":[{"start":{"line":171,"column":2},"end":{"line":173,"column":3}},{"start":{},"end":{}}],"line":171},"8":{"loc":{"start":{"line":179,"column":2},"end":{"line":182,"column":3}},"type":"if","locations":[{"start":{"line":179,"column":2},"end":{"line":182,"column":3}},{"start":{},"end":{}}],"line":179},"9":{"loc":{"start":{"line":189,"column":2},"end":{"line":191,"column":3}},"type":"if","locations":[{"start":{"line":189,"column":2},"end":{"line":191,"column":3}},{"start":{},"end":{}}],"line":189},"10":{"loc":{"start":{"line":197,"column":16},"end":{"line":197,"column":50}},"type":"binary-expr","locations":[{"start":{"line":197,"column":16},"end":{"line":197,"column":39}},{"start":{"line":197,"column":43},"end":{"line":197,"column":50}}],"line":197},"11":{"loc":{"start":{"line":214,"column":2},"end":{"line":216,"column":3}},"type":"if","locations":[{"start":{"line":214,"column":2},"end":{"line":216,"column":3}},{"start":{},"end":{}}],"line":214},"12":{"loc":{"start":{"line":244,"column":15},"end":{"line":244,"column":48}},"type":"binary-expr","locations":[{"start":{"line":244,"column":15},"end":{"line":244,"column":33}},{"start":{"line":244,"column":37},"end":{"line":244,"column":48}}],"line":244},"13":{"loc":{"start":{"line":273,"column":0},"end":{"line":278,"column":1}},"type":"if","locations":[{"start":{"line":273,"column":0},"end":{"line":278,"column":1}},{"start":{},"end":{}}],"line":273}},"s":{"0":2,"1":2,"2":2,"3":2,"4":2,"5":2,"6":2,"7":2,"8":2,"9":2,"10":2,"11":2,"12":2,"13":2,"14":2,"15":1,"16":1,"17":1,"18":1,"19":1,"20":2,"21":2,"22":1,"23":1,"24":2,"25":0,"26":0,"27":0,"28":0,"29":0,"30":2,"31":2,"32":1,"33":1,"34":1,"35":1,"36":1,"37":0,"38":0,"39":0,"40":0,"41":0,"42":0,"43":0,"44":0,"45":0,"46":0,"47":1,"48":2,"49":2,"50":2,"51":2,"52":2,"53":0,"54":0,"55":2,"56":0,"57":0,"58":0,"59":2,"60":0,"61":0,"62":0,"63":0,"64":2,"65":0,"66":0,"67":0,"68":0,"69":0,"70":0,"71":0,"72":0,"73":0,"74":0,"75":0,"76":0,"77":0,"78":0,"79":0,"80":0,"81":2,"82":0,"83":0,"84":0,"85":0,"86":0,"87":0,"88":0,"89":0,"90":2,"91":1,"92":1,"93":1,"94":1,"95":0,"96":1,"97":1,"98":0,"99":1,"100":2,"101":0,"102":0,"103":2,"104":2,"105":0,"106":0,"107":0,"108":0,"109":0,"110":0},"f":{"0":1,"1":1,"2":1,"3":0,"4":0,"5":2,"6":1,"7":0,"8":1,"9":0,"10":0,"11":0,"12":0,"13":0,"14":0,"15":1,"16":0,"17":2,"18":0,"19":0},"b":{"0":[1,0],"1":[1,0],"2":[0,0],"3":[1,1],"4":[1,0],"5":[0,0],"6":[2,2,0],"7":[0,0],"8":[0,0],"9":[0,0],"10":[0,0],"11":[0,0],"12":[0,0],"13":[0,2]},"_coverageSchema":"1a1c01bbd47fc00a2c39e90264f33305004495a9","hash":"5a16ee61ec6d98c321f97a806d1413a744c7fb55"}
}
