TN:
SF:backend.js
FN:22,(anonymous_0)
FN:31,getKey
FN:32,(anonymous_2)
FN:39,auth
FN:48,(anonymous_4)
FN:58,init
FN:83,getUptime
FN:103,(anonymous_7)
FN:108,(anonymous_8)
FN:112,(anonymous_9)
FN:131,(anonymous_10)
FN:174,(anonymous_11)
FN:211,(anonymous_12)
FN:238,(anonymous_13)
FN:244,shutdown
FN:247,(anonymous_15)
FN:253,(anonymous_16)
FNF:17
FNH:6
FNDA:1,(anonymous_0)
FNDA:0,getKey
FNDA:0,(anonymous_2)
FNDA:2,auth
FNDA:1,(anonymous_4)
FNDA:0,init
FNDA:1,getUptime
FNDA:0,(anonymous_7)
FNDA:0,(anonymous_8)
FNDA:0,(anonymous_9)
FNDA:0,(anonymous_10)
FNDA:0,(anonymous_11)
FNDA:1,(anonymous_12)
FNDA:0,(anonymous_13)
FNDA:2,shutdown
FNDA:0,(anonymous_15)
FNDA:0,(anonymous_16)
DA:4,2
DA:11,2
DA:12,2
DA:13,2
DA:14,2
DA:15,2
DA:16,2
DA:17,2
DA:18,2
DA:19,2
DA:21,2
DA:22,2
DA:23,1
DA:24,1
DA:27,2
DA:32,0
DA:33,0
DA:35,0
DA:36,0
DA:40,2
DA:42,2
DA:43,1
DA:46,1
DA:48,1
DA:49,1
DA:50,1
DA:53,0
DA:54,0
DA:59,0
DA:68,0
DA:70,0
DA:71,0
DA:72,0
DA:73,0
DA:74,0
DA:80,0
DA:84,1
DA:87,2
DA:95,2
DA:99,2
DA:100,2
DA:103,2
DA:104,0
DA:106,0
DA:108,0
DA:112,2
DA:113,0
DA:118,0
DA:120,0
DA:125,0
DA:131,2
DA:132,0
DA:134,0
DA:135,0
DA:138,0
DA:140,0
DA:142,0
DA:143,0
DA:144,0
DA:147,0
DA:152,0
DA:153,0
DA:156,0
DA:158,0
DA:165,0
DA:171,0
DA:172,0
DA:174,2
DA:175,0
DA:177,0
DA:178,0
DA:181,0
DA:182,0
DA:198,0
DA:200,0
DA:205,0
DA:211,2
DA:212,1
DA:213,1
DA:215,1
DA:216,1
DA:217,0
DA:220,1
DA:221,1
DA:222,0
DA:225,1
DA:236,2
DA:238,0
DA:239,0
DA:245,2
DA:247,2
DA:248,0
DA:250,0
DA:251,0
DA:253,0
DA:254,0
DA:255,0
LF:97
LH:42
BRDA:33,0,0,0
BRDA:33,0,1,0
BRDA:42,1,0,1
BRDA:42,1,1,1
BRDA:49,2,0,1
BRDA:49,2,1,0
BRDA:70,3,0,0
BRDA:70,3,1,0
BRDA:100,4,0,2
BRDA:100,4,1,2
BRDA:100,4,2,0
BRDA:134,5,0,0
BRDA:134,5,1,0
BRDA:142,6,0,0
BRDA:142,6,1,0
BRDA:152,7,0,0
BRDA:152,7,1,0
BRDA:160,8,0,0
BRDA:160,8,1,0
BRDA:177,9,0,0
BRDA:177,9,1,0
BRDA:207,10,0,0
BRDA:207,10,1,0
BRDA:236,11,0,0
BRDA:236,11,1,2
BRF:25
BRH:6
end_of_record
