TN:
SF:backend.js
FN:41,(anonymous_0)
FN:43,(anonymous_1)
FN:55,(anonymous_2)
FN:64,getKey
FN:65,(anonymous_4)
FN:72,auth
FN:81,(anonymous_6)
FN:91,init
FN:116,getUptime
FN:135,(anonymous_9)
FN:140,(anonymous_10)
FN:145,(anonymous_11)
FN:149,(anonymous_12)
FN:168,(anonymous_13)
FN:211,(anonymous_14)
FN:248,(anonymous_15)
FN:275,(anonymous_16)
FN:281,shutdown
FN:284,(anonymous_18)
FN:290,(anonymous_19)
FNF:20
FNH:8
FNDA:1,(anonymous_0)
FNDA:1,(anonymous_1)
FNDA:1,(anonymous_2)
FNDA:0,getKey
FNDA:0,(anonymous_4)
FNDA:2,auth
FNDA:1,(anonymous_6)
FNDA:0,init
FNDA:1,getUptime
FNDA:0,(anonymous_9)
FNDA:0,(anonymous_10)
FNDA:0,(anonymous_11)
FNDA:0,(anonymous_12)
FNDA:0,(anonymous_13)
FNDA:0,(anonymous_14)
FNDA:1,(anonymous_15)
FNDA:0,(anonymous_16)
FNDA:2,shutdown
FNDA:0,(anonymous_18)
FNDA:0,(anonymous_19)
DA:11,2
DA:12,2
DA:13,2
DA:14,2
DA:15,2
DA:16,2
DA:17,2
DA:18,2
DA:19,2
DA:20,2
DA:22,2
DA:24,2
DA:31,2
DA:39,2
DA:41,2
DA:42,1
DA:43,1
DA:44,1
DA:49,1
DA:51,1
DA:54,2
DA:55,2
DA:56,1
DA:57,1
DA:60,2
DA:65,0
DA:66,0
DA:68,0
DA:69,0
DA:73,2
DA:75,2
DA:76,1
DA:79,1
DA:81,1
DA:82,1
DA:83,1
DA:86,0
DA:87,0
DA:92,0
DA:101,0
DA:103,0
DA:104,0
DA:105,0
DA:106,0
DA:107,0
DA:113,0
DA:117,1
DA:120,2
DA:128,2
DA:132,2
DA:133,2
DA:135,2
DA:136,0
DA:137,0
DA:140,2
DA:141,0
DA:143,0
DA:145,0
DA:149,2
DA:150,0
DA:155,0
DA:157,0
DA:162,0
DA:168,2
DA:169,0
DA:171,0
DA:172,0
DA:175,0
DA:177,0
DA:179,0
DA:180,0
DA:181,0
DA:184,0
DA:189,0
DA:190,0
DA:193,0
DA:195,0
DA:202,0
DA:208,0
DA:209,0
DA:211,2
DA:212,0
DA:214,0
DA:215,0
DA:218,0
DA:219,0
DA:235,0
DA:237,0
DA:242,0
DA:248,2
DA:249,1
DA:250,1
DA:252,1
DA:253,1
DA:254,0
DA:257,1
DA:258,1
DA:259,0
DA:262,1
DA:273,2
DA:275,0
DA:276,0
DA:282,2
DA:284,2
DA:285,0
DA:287,0
DA:288,0
DA:290,0
DA:291,0
DA:292,0
LF:110
LH:53
BRDA:46,0,0,1
BRDA:46,0,1,0
BRDA:49,1,0,1
BRDA:49,1,1,0
BRDA:66,2,0,0
BRDA:66,2,1,0
BRDA:75,3,0,1
BRDA:75,3,1,1
BRDA:82,4,0,1
BRDA:82,4,1,0
BRDA:103,5,0,0
BRDA:103,5,1,0
BRDA:133,6,0,2
BRDA:133,6,1,2
BRDA:133,6,2,0
BRDA:171,7,0,0
BRDA:171,7,1,0
BRDA:179,8,0,0
BRDA:179,8,1,0
BRDA:189,9,0,0
BRDA:189,9,1,0
BRDA:197,10,0,0
BRDA:197,10,1,0
BRDA:214,11,0,0
BRDA:214,11,1,0
BRDA:244,12,0,0
BRDA:244,12,1,0
BRDA:273,13,0,0
BRDA:273,13,1,2
BRF:29
BRH:8
end_of_record
